<?xml version="1.0" encoding="UTF-8"?><testsuite errors="1" failures="0" name="Validación del formulario de ingreso de usuarios de la pagina sistemaFixed" skipped="0" tests="1" time="0.0" timestamp="2022-08-20 02:36:27"><testcase name="Validar el correcto funcionamiento del formulario Agregar Cliente de sistemaFixed"><error message="Timed out after 15 seconds. Element not available&#10;Build info: version: '3.141.59', revision: 'e82be7d358', time: '2018-11-14T08:17:03'&#10;System info: host: 'LAPTOP-BEATS', ip: '192.168.1.9', os.name: 'Windows 10', os.arch: 'amd64', os.version: '10.0', java.version: '1.8.0_202'&#10;Driver info: driver.version: unknown" type="org.openqa.selenium.ElementNotVisibleException">Timed out after 15 seconds. Element not available
Build info: version: '3.141.59', revision: 'e82be7d358', time: '2018-11-14T08:17:03'
System info: host: 'LAPTOP-BEATS', ip: '192.168.1.9', os.name: 'Windows 10', os.arch: 'amd64', os.version: '10.0', java.version: '1.8.0_202'
Driver info: driver.version: unknown</error><system-err>Timed out after 15 seconds. Element not available
Build info: version: '3.141.59', revision: 'e82be7d358', time: '2018-11-14T08:17:03'
System info: host: 'LAPTOP-BEATS', ip: '192.168.1.9', os.name: 'Windows 10', os.arch: 'amd64', os.version: '10.0', java.version: '1.8.0_202'
Driver info: driver.version: unknown&#13;
com.bdd.page.sistemaFixedPage.realizarClickEnElMenúClientes(sistemaFixedPage.java:89)&#13;
com.bdd.step.sistemaFixedStep.realizarClickEnElMenúClientes(sistemaFixedStep.java:21)&#13;
com.bdd.stepdefinition.sistemaFixedStepDefinition.realizarClickEnElMenúClientes(sistemaFixedStepDefinition.java:27)&#13;
cucumber.runner.Runner.runPickle(Runner.java:80)&#13;
</system-err></testcase></testsuite>